2020/08/17 19:53:09.627568 [1;35m[INF][m GID 1, Node version: v0.5.1
2020/08/17 19:53:09.628508 [1;35m[INF][m GID 1, go version go1.13.8 linux/arm64
2020/08/17 19:53:09.628727 [1;35m[INF][m GID 1, Loading block database from 'elastos/data/blocks'
2020/08/17 19:53:09.664558 [1;35m[INF][m GID 1, Block database loaded
2020/08/17 19:53:09.668753 [1;35m[INF][m GID 1, Loading block index...
2020/08/17 19:53:09.708163 [1;35m[INF][m GID 1, block count: 18384
2020/08/17 19:53:10.099215 [1;35m[INF][m GID 1, Forward scan (highest known 1, next unknown 100001)
2020/08/17 19:53:10.099463 [1;35m[INF][m GID 1, Binary scan (highest known 1, next unknown 50001)
2020/08/17 19:53:10.099625 [1;35m[INF][m GID 1, Binary scan (highest known 1, next unknown 25001)
2020/08/17 19:53:10.099832 [1;35m[INF][m GID 1, Binary scan (highest known 12501, next unknown 25001)
2020/08/17 19:53:10.099976 [1;35m[INF][m GID 1, Binary scan (highest known 12501, next unknown 18751)
2020/08/17 19:53:10.100175 [1;35m[INF][m GID 1, Binary scan (highest known 15626, next unknown 18751)
2020/08/17 19:53:10.100371 [1;35m[INF][m GID 1, Binary scan (highest known 17188, next unknown 18751)
2020/08/17 19:53:10.100597 [1;35m[INF][m GID 1, Binary scan (highest known 17969, next unknown 18751)
2020/08/17 19:53:10.100782 [1;35m[INF][m GID 1, Binary scan (highest known 18360, next unknown 18751)
2020/08/17 19:53:10.100983 [1;35m[INF][m GID 1, Binary scan (highest known 18360, next unknown 18555)
2020/08/17 19:53:10.101152 [1;35m[INF][m GID 1, Binary scan (highest known 18360, next unknown 18457)
2020/08/17 19:53:10.101296 [1;35m[INF][m GID 1, Binary scan (highest known 18360, next unknown 18408)
2020/08/17 19:53:10.101516 [1;35m[INF][m GID 1, Binary scan (highest known 18384, next unknown 18408)
2020/08/17 19:53:10.101679 [1;35m[INF][m GID 1, Binary scan (highest known 18384, next unknown 18396)
2020/08/17 19:53:10.101808 [1;35m[INF][m GID 1, Binary scan (highest known 18384, next unknown 18390)
2020/08/17 19:53:10.101936 [1;35m[INF][m GID 1, Binary scan (highest known 18384, next unknown 18387)
2020/08/17 19:53:10.102083 [1;35m[INF][m GID 1, Binary scan (highest known 18384, next unknown 18385)
2020/08/17 19:53:10.104704 [1;35m[INF][m GID 1, current block height -> 18383
2020/08/17 19:53:10.105089 [1;35m[INF][m GID 11, [RecoverFromCheckPoints] recover start height:  500
[ ========== BLOCKCHAIN INITIALIZE STARTED ========== ]
 0 / 17883    0.00% 10014 / 17883   56.00% 17884 / 17883  100.01% 0s
[ ========== BLOCKCHAIN INITIALIZE FINISHED ========== ]
2020/08/17 19:53:10.982234 [1;35m[INF][m GID 1, Start the P2P networks
2020/08/17 19:53:10.982374 [1;35m[INF][m GID 1, Start services
2020/08/17 19:53:11.483250 [1;35m[INF][m GID 48, New valid peer 18.195.150.225:20338 (outbound)
2020/08/17 19:53:11.483615 [1;35m[INF][m GID 48, Syncing to block height 708691 from peer 18.195.150.225:20338
2020/08/17 19:53:14.500421 [1;33m[WRN][m GID 1, server shutting down
2020/08/17 19:53:14.508624 [1;35m[INF][m GID 48, Lost peer 18.195.150.225:20338 (outbound)
2020/08/17 19:53:14.508819 [1;33m[WRN][m GID 48, No sync peer candidates available
2020/08/17 19:53:14.511037 [1;35m[INF][m GID 16, Sync manager shutting down
